<?xml version="1.0" encoding="UTF-8"?>
<!-- Generated by org.testng.reporters.JUnitXMLReporter -->
<testsuite hostname="Sheiks-Air" ignored="0" name="geckotest" tests="1" failures="1" timestamp="14 Feb 2020 08:39:17 GMT" time="0.008" errors="0">
  <testcase name="getBrowser" time="0.0" classname="com.common.CrossBrowser">
    <failure type="org.testng.TestNGException" message="
Cannot inject @Test annotated Method [getBrowser] with [class java.lang.String].
For more information on native dependency injection please refer to http://testng.org/doc/documentation-main.html#native-dependency-injection">
      <![CDATA[org.testng.TestNGException: 
Cannot inject @Test annotated Method [getBrowser] with [class java.lang.String].
For more information on native dependency injection please refer to http://testng.org/doc/documentation-main.html#native-dependency-injection
... Removed 24 stack frames]]>
    </failure>
  </testcase> <!-- getBrowser -->
</testsuite> <!-- geckotest -->
